Using pre-set license
Built from '2020.3/staging' branch; Version is '2020.3.5f1 (8095aa901b9b) revision 8426922'; Using compiler version '192528614'; Build Type 'Release'
OS: 'Windows 7  (6.1.0) 64bit' Language: 'tr' Physical Memory: 4008 MB
BatchMode: 1, IsHumanControllingUs: 0, StartBugReporterOnCrash: 0, Is64bit: 1, IsPro: 0

 COMMAND LINE ARGUMENTS:
C:\Program Files\Unity\Hub\Editor\2020.3.5f1\Editor\Unity.exe
-adb2
-batchMode
-noUpm
-name
AssetImportWorker3
-projectPath
C:/Users/Public/Documents/Unity Projects/Bomb Sweeper 3D
-logFile
Logs/AssetImportWorker3.log
-srvPort
49771
Successfully changed project path to: C:/Users/Public/Documents/Unity Projects/Bomb Sweeper 3D
C:/Users/Public/Documents/Unity Projects/Bomb Sweeper 3D
Using Asset Import Pipeline V2.
Refreshing native plugins compatible for Editor in 69.44 ms, found 0 plugins.
Preloading 0 native plugins for Editor in 0.00 ms.
Initialize engine version: 2020.3.5f1 (8095aa901b9b)
[Subsystems] Discovering subsystems at path C:/Program Files/Unity/Hub/Editor/2020.3.5f1/Editor/Data/Resources/UnitySubsystems
[Subsystems] Discovering subsystems at path C:/Users/Public/Documents/Unity Projects/Bomb Sweeper 3D/Assets
GfxDevice: creating device client; threaded=0
d3d11: CreateDXGIFactory2(...) not found, fallbacking to CreateDXGIFactory1(...).
d3d11: QueryInterface(IDXGIFactory5) failed (80004002).
Direct3D:
    Version:  Direct3D 11.0 [level 10.1]
    Renderer: Intel(R) HD Graphics 3000 (ID=0x116)
    Vendor:   
    VRAM:     1632 MB
    Driver:   9.17.10.4229
Could not load symbol clCreateImage : Belirtilen yordam bulunamadı.


Could not load symbol clEnqueueFillBuffer : Belirtilen yordam bulunamadı.


Could not load symbol clEnqueueFillImage : Belirtilen yordam bulunamadı.


Could not load symbol clEnqueueMarkerWithWaitList : Belirtilen yordam bulunamadı.


Could not load symbol clGetExtensionFunctionAddressForPlatform : Belirtilen yordam bulunamadı.


Could not load symbol clUnloadPlatformCompiler : Belirtilen yordam bulunamadı.


Could not load symbol clCreateFromGLTexture : Belirtilen yordam bulunamadı.


Initialize mono
Mono path[0] = 'C:/Program Files/Unity/Hub/Editor/2020.3.5f1/Editor/Data/Managed'
Mono path[1] = 'C:/Program Files/Unity/Hub/Editor/2020.3.5f1/Editor/Data/MonoBleedingEdge/lib/mono/unityjit'
Mono config path = 'C:/Program Files/Unity/Hub/Editor/2020.3.5f1/Editor/Data/MonoBleedingEdge/etc'
Using monoOptions --debugger-agent=transport=dt_socket,embedding=1,server=y,suspend=n,address=127.0.0.1:56660
Begin MonoManager ReloadAssembly
Registering precompiled unity dll's ...
Register platform support module: C:/Program Files/Unity/Hub/Editor/2020.3.5f1/Editor/Data/PlaybackEngines/WindowsStandaloneSupport/UnityEditor.WindowsStandalone.Extensions.dll
Registered in 0.001674 seconds.
Native extension for WindowsStandalone target not found
Refreshing native plugins compatible for Editor in 63.95 ms, found 0 plugins.
Preloading 0 native plugins for Editor in 0.00 ms.
Mono: successfully reloaded assembly
- Completed reload, in  2.659 seconds
Platform modules already initialized, skipping
Registering precompiled user dll's ...
Registered in 0.002317 seconds.
Begin MonoManager ReloadAssembly
Native extension for WindowsStandalone target not found
Refreshing native plugins compatible for Editor in 0.65 ms, found 0 plugins.
Preloading 0 native plugins for Editor in 0.00 ms.
Mono: successfully reloaded assembly
- Completed reload, in  1.385 seconds
Platform modules already initialized, skipping
========================================================================
Worker process is ready to serve import requests
Launched and connected shader compiler UnityShaderCompiler.exe after 0.28 seconds
Refreshing native plugins compatible for Editor in 0.66 ms, found 0 plugins.
Preloading 0 native plugins for Editor in 0.00 ms.
Unloading 1458 Unused Serialized files (Serialized files now loaded: 0)
System memory in use before: 81.7 MB.
System memory in use after: 81.8 MB.

Unloading 33 unused Assets to reduce memory usage. Loaded Objects now: 1908.
Total: 2.705000 ms (FindLiveObjects: 0.212402 ms CreateObjectMapping: 0.082105 ms MarkObjects: 2.282428 ms  DeleteObjects: 0.126281 ms)

========================================================================
Received Import Request.
  path: Assets/Animations
  artifactKey: Guid(05679c9492a66ff45864be36417b0d20) Importer(815301076,1909f56bfc062723c751e8b465ee728b)
Start importing Assets/Animations using Guid(05679c9492a66ff45864be36417b0d20) Importer(815301076,1909f56bfc062723c751e8b465ee728b)  -> (artifact id: '5f20cf8b0c95c3db8e88086a4a5d442c') in 0.005751 seconds
  Import took 0.009490 seconds .

========================================================================
Received Import Request.
  Time since last request: 0.000295 seconds.
  path: Assets/Sprites/Btns/Btn.controller
  artifactKey: Guid(1c52dfcd789fac14ca33b7f68e63dd25) Importer(815301076,1909f56bfc062723c751e8b465ee728b)
Start importing Assets/Sprites/Btns/Btn.controller using Guid(1c52dfcd789fac14ca33b7f68e63dd25) Importer(815301076,1909f56bfc062723c751e8b465ee728b)  -> (artifact id: 'a46e65f8475932ea0bb9c3508a1ba80d') in 0.102428 seconds
  Import took 0.106435 seconds .

========================================================================
Received Import Request.
  Time since last request: 0.000310 seconds.
  path: Assets/Sprites/Btns/BtnPressed.anim
  artifactKey: Guid(e3ddcf8a690f33f47b8a1a693ffe419d) Importer(815301076,1909f56bfc062723c751e8b465ee728b)
Start importing Assets/Sprites/Btns/BtnPressed.anim using Guid(e3ddcf8a690f33f47b8a1a693ffe419d) Importer(815301076,1909f56bfc062723c751e8b465ee728b)  -> (artifact id: '2f13fabb4280949eedb2c4039d9336c1') in 0.005469 seconds
  Import took 0.009647 seconds .

========================================================================
Received Import Request.
  Time since last request: 0.124969 seconds.
  path: Assets/Sprites/Btns/BtnPressed.anim
  artifactKey: Guid(e3ddcf8a690f33f47b8a1a693ffe419d) Importer(815301076,1909f56bfc062723c751e8b465ee728b)
Start importing Assets/Sprites/Btns/BtnPressed.anim using Guid(e3ddcf8a690f33f47b8a1a693ffe419d) Importer(815301076,1909f56bfc062723c751e8b465ee728b)  -> (artifact id: '2f13fabb4280949eedb2c4039d9336c1') in 0.004485 seconds
  Import took 0.012725 seconds .

========================================================================
Received Prepare
Registering precompiled user dll's ...
Registered in 0.004116 seconds.
Begin MonoManager ReloadAssembly
Native extension for WindowsStandalone target not found
Refreshing native plugins compatible for Editor in 0.71 ms, found 0 plugins.
Preloading 0 native plugins for Editor in 0.00 ms.
Mono: successfully reloaded assembly
- Completed reload, in  1.432 seconds
Platform modules already initialized, skipping
Switching build target platform(5) subTarget(0) extendedPlatform(0) -> platform(13) subTarget(537395200) extendedPlatform(0)
Refreshing native plugins compatible for Editor in 0.72 ms, found 0 plugins.
Preloading 0 native plugins for Editor in 0.00 ms.
Unloading 1445 Unused Serialized files (Serialized files now loaded: 0)
System memory in use before: 80.3 MB.
System memory in use after: 80.4 MB.

Unloading 24 unused Assets to reduce memory usage. Loaded Objects now: 1911.
Total: 2.604600 ms (FindLiveObjects: 0.195892 ms CreateObjectMapping: 0.073180 ms MarkObjects: 2.305185 ms  DeleteObjects: 0.028558 ms)

AssetImportParameters requested are different than current active one (requested -> active):
  custom:graphics/normal-map-encoding: 01000000000000000000000000000000 -> 02000000000000000000000000000000
========================================================================
Received Import Request.
  Time since last request: 31.515631 seconds.
  path: Assets/Animations/New Animation.anim
  artifactKey: Guid(5ee2ab12600ba2449aead0b50c927fc0) Importer(815301076,1909f56bfc062723c751e8b465ee728b)
Start importing Assets/Animations/New Animation.anim using Guid(5ee2ab12600ba2449aead0b50c927fc0) Importer(815301076,1909f56bfc062723c751e8b465ee728b)  -> (artifact id: '2dfae8d126cb0b0ef887bfd032088b44') in 0.014863 seconds
  Import took 0.018744 seconds .

========================================================================
Received Import Request.
  Time since last request: 0.001574 seconds.
  path: Assets/Animations/New Animation.anim
  artifactKey: Guid(5ee2ab12600ba2449aead0b50c927fc0) Importer(815301076,1909f56bfc062723c751e8b465ee728b)
Start importing Assets/Animations/New Animation.anim using Guid(5ee2ab12600ba2449aead0b50c927fc0) Importer(815301076,1909f56bfc062723c751e8b465ee728b)  -> (artifact id: '2dfae8d126cb0b0ef887bfd032088b44') in 0.002868 seconds
  Import took 0.009646 seconds .

========================================================================
Received Prepare
Registering precompiled user dll's ...
Registered in 0.004277 seconds.
Begin MonoManager ReloadAssembly
Native extension for WindowsStandalone target not found
Refreshing native plugins compatible for Editor in 0.66 ms, found 0 plugins.
Preloading 0 native plugins for Editor in 0.00 ms.
Mono: successfully reloaded assembly
- Completed reload, in  1.400 seconds
Platform modules already initialized, skipping
Switching build target platform(5) subTarget(0) extendedPlatform(0) -> platform(13) subTarget(537395200) extendedPlatform(0)
Refreshing native plugins compatible for Editor in 0.65 ms, found 0 plugins.
Preloading 0 native plugins for Editor in 0.00 ms.
Unloading 1445 Unused Serialized files (Serialized files now loaded: 0)
System memory in use before: 80.3 MB.
System memory in use after: 80.4 MB.

Unloading 24 unused Assets to reduce memory usage. Loaded Objects now: 1914.
Total: 2.581397 ms (FindLiveObjects: 0.376612 ms CreateObjectMapping: 0.106647 ms MarkObjects: 2.066902 ms  DeleteObjects: 0.029004 ms)

AssetImportParameters requested are different than current active one (requested -> active):
  custom:graphics/normal-map-encoding: 01000000000000000000000000000000 -> 02000000000000000000000000000000
========================================================================
Received Prepare
Registering precompiled user dll's ...
Registered in 0.004034 seconds.
Begin MonoManager ReloadAssembly
Native extension for WindowsStandalone target not found
Refreshing native plugins compatible for Editor in 0.66 ms, found 0 plugins.
Preloading 0 native plugins for Editor in 0.00 ms.
Mono: successfully reloaded assembly
- Completed reload, in  1.600 seconds
Platform modules already initialized, skipping
Switching build target platform(5) subTarget(0) extendedPlatform(0) -> platform(13) subTarget(537395200) extendedPlatform(0)
Refreshing native plugins compatible for Editor in 0.66 ms, found 0 plugins.
Preloading 0 native plugins for Editor in 0.00 ms.
Unloading 1445 Unused Serialized files (Serialized files now loaded: 0)
System memory in use before: 80.3 MB.
System memory in use after: 80.4 MB.

Unloading 24 unused Assets to reduce memory usage. Loaded Objects now: 1917.
Total: 2.465825 ms (FindLiveObjects: 0.211956 ms CreateObjectMapping: 0.076750 ms MarkObjects: 2.144991 ms  DeleteObjects: 0.030343 ms)

AssetImportParameters requested are different than current active one (requested -> active):
  custom:graphics/normal-map-encoding: 01000000000000000000000000000000 -> 02000000000000000000000000000000
========================================================================
Received Import Request.
  Time since last request: 111.733110 seconds.
  path: Assets/Animations/Test Btn.controller
  artifactKey: Guid(03f16c445aeef724f871c3f2a17ab34c) Importer(815301076,1909f56bfc062723c751e8b465ee728b)
Start importing Assets/Animations/Test Btn.controller using Guid(03f16c445aeef724f871c3f2a17ab34c) Importer(815301076,1909f56bfc062723c751e8b465ee728b)  -> (artifact id: '41e6fe40b8cbcbc2e49b7158c507594c') in 0.029859 seconds
  Import took 0.060551 seconds .

========================================================================
Received Import Request.
  Time since last request: 37.714332 seconds.
  path: Assets/Level Btn.controller
  artifactKey: Guid(9a9636882d0a1f844bdf12a2d69db811) Importer(815301076,1909f56bfc062723c751e8b465ee728b)
Start importing Assets/Level Btn.controller using Guid(9a9636882d0a1f844bdf12a2d69db811) Importer(815301076,1909f56bfc062723c751e8b465ee728b)  -> (artifact id: '55875d3056915bc08465ed537708b1d3') in 0.005524 seconds
  Import took 0.009285 seconds .

========================================================================
Received Prepare
Registering precompiled user dll's ...
Registered in 0.002263 seconds.
Begin MonoManager ReloadAssembly
Native extension for WindowsStandalone target not found
Refreshing native plugins compatible for Editor in 0.63 ms, found 0 plugins.
Preloading 0 native plugins for Editor in 0.00 ms.
Mono: successfully reloaded assembly
- Completed reload, in  1.531 seconds
Platform modules already initialized, skipping
Switching build target platform(5) subTarget(0) extendedPlatform(0) -> platform(13) subTarget(537395200) extendedPlatform(0)
Refreshing native plugins compatible for Editor in 0.66 ms, found 0 plugins.
Preloading 0 native plugins for Editor in 0.00 ms.
Unloading 1445 Unused Serialized files (Serialized files now loaded: 0)
System memory in use before: 80.4 MB.
System memory in use after: 80.5 MB.

Unloading 24 unused Assets to reduce memory usage. Loaded Objects now: 1920.
Total: 8.530433 ms (FindLiveObjects: 1.251654 ms CreateObjectMapping: 0.242299 ms MarkObjects: 6.963747 ms  DeleteObjects: 0.065148 ms)

AssetImportParameters requested are different than current active one (requested -> active):
  custom:graphics/normal-map-encoding: 01000000000000000000000000000000 -> 02000000000000000000000000000000
========================================================================
Received Import Request.
  Time since last request: 248.729780 seconds.
  path: Assets/Btn Anim/Test Btn.controller
  artifactKey: Guid(285213d1d21ea4244a4140a43e4c9ee4) Importer(815301076,1909f56bfc062723c751e8b465ee728b)
Start importing Assets/Btn Anim/Test Btn.controller using Guid(285213d1d21ea4244a4140a43e4c9ee4) Importer(815301076,1909f56bfc062723c751e8b465ee728b)  -> (artifact id: '600a4191ef0d3d7c4a1b8a8f88ddd192') in 0.021457 seconds
  Import took 0.025657 seconds .

========================================================================
Received Prepare
Registering precompiled user dll's ...
Registered in 0.003642 seconds.
Begin MonoManager ReloadAssembly
Native extension for WindowsStandalone target not found
Refreshing native plugins compatible for Editor in 1.14 ms, found 0 plugins.
Preloading 0 native plugins for Editor in 0.00 ms.
Mono: successfully reloaded assembly
- Completed reload, in  1.534 seconds
Platform modules already initialized, skipping
Switching build target platform(5) subTarget(0) extendedPlatform(0) -> platform(13) subTarget(537395200) extendedPlatform(0)
Refreshing native plugins compatible for Editor in 1.01 ms, found 0 plugins.
Preloading 0 native plugins for Editor in 0.00 ms.
Unloading 1445 Unused Serialized files (Serialized files now loaded: 0)
System memory in use before: 80.4 MB.
System memory in use after: 80.5 MB.

Unloading 24 unused Assets to reduce memory usage. Loaded Objects now: 1923.
Total: 2.384612 ms (FindLiveObjects: 0.218203 ms CreateObjectMapping: 0.080766 ms MarkObjects: 2.054854 ms  DeleteObjects: 0.029004 ms)

AssetImportParameters requested are different than current active one (requested -> active):
  custom:graphics/normal-map-encoding: 01000000000000000000000000000000 -> 02000000000000000000000000000000
========================================================================
Received Prepare
Registering precompiled user dll's ...
Registered in 0.004618 seconds.
Begin MonoManager ReloadAssembly
Native extension for WindowsStandalone target not found
Refreshing native plugins compatible for Editor in 0.66 ms, found 0 plugins.
Preloading 0 native plugins for Editor in 0.00 ms.
Mono: successfully reloaded assembly
- Completed reload, in  1.432 seconds
Platform modules already initialized, skipping
Switching build target platform(5) subTarget(0) extendedPlatform(0) -> platform(13) subTarget(537395200) extendedPlatform(0)
Refreshing native plugins compatible for Editor in 0.79 ms, found 0 plugins.
Preloading 0 native plugins for Editor in 0.00 ms.
Unloading 1445 Unused Serialized files (Serialized files now loaded: 0)
System memory in use before: 80.4 MB.
System memory in use after: 80.5 MB.

Unloading 24 unused Assets to reduce memory usage. Loaded Objects now: 1926.
Total: 2.592106 ms (FindLiveObjects: 0.208386 ms CreateObjectMapping: 0.092814 ms MarkObjects: 2.257439 ms  DeleteObjects: 0.031236 ms)

AssetImportParameters requested are different than current active one (requested -> active):
  custom:graphics/normal-map-encoding: 01000000000000000000000000000000 -> 02000000000000000000000000000000
========================================================================
Received Import Request.
  Time since last request: 239.676102 seconds.
  path: Assets/Btn Anim/Test Btn.prefab
  artifactKey: Guid(728b888bc8e6ade42a9ef7aaa484d56c) Importer(815301076,1909f56bfc062723c751e8b465ee728b)
Start importing Assets/Btn Anim/Test Btn.prefab using Guid(728b888bc8e6ade42a9ef7aaa484d56c) Importer(815301076,1909f56bfc062723c751e8b465ee728b)  -> (artifact id: '356218ea902d01b48d515e8f0e8c6298') in 0.083559 seconds
  Import took 0.088187 seconds .

========================================================================
Received Import Request.
  Time since last request: 0.007094 seconds.
  path: Assets/Btn Anim/Test Btn.prefab
  artifactKey: Guid(728b888bc8e6ade42a9ef7aaa484d56c) Importer(815301076,1909f56bfc062723c751e8b465ee728b)
Start importing Assets/Btn Anim/Test Btn.prefab using Guid(728b888bc8e6ade42a9ef7aaa484d56c) Importer(815301076,1909f56bfc062723c751e8b465ee728b)  -> (artifact id: '356218ea902d01b48d515e8f0e8c6298') in 0.005607 seconds
  Import took 0.010633 seconds .

========================================================================
Received Prepare
Registering precompiled user dll's ...
Registered in 0.003193 seconds.
Begin MonoManager ReloadAssembly
Native extension for WindowsStandalone target not found
Refreshing native plugins compatible for Editor in 0.64 ms, found 0 plugins.
Preloading 0 native plugins for Editor in 0.00 ms.
Mono: successfully reloaded assembly
- Completed reload, in  1.553 seconds
Platform modules already initialized, skipping
Switching build target platform(5) subTarget(0) extendedPlatform(0) -> platform(13) subTarget(537395200) extendedPlatform(0)
Refreshing native plugins compatible for Editor in 0.64 ms, found 0 plugins.
Preloading 0 native plugins for Editor in 0.00 ms.
Unloading 1445 Unused Serialized files (Serialized files now loaded: 0)
System memory in use before: 80.5 MB.
System memory in use after: 80.6 MB.

Unloading 25 unused Assets to reduce memory usage. Loaded Objects now: 1931.
Total: 2.453777 ms (FindLiveObjects: 0.244084 ms CreateObjectMapping: 0.071842 ms MarkObjects: 2.077611 ms  DeleteObjects: 0.057563 ms)

AssetImportParameters requested are different than current active one (requested -> active):
  custom:graphics/normal-map-encoding: 01000000000000000000000000000000 -> 02000000000000000000000000000000
========================================================================
Received Import Request.
  Time since last request: 349.495901 seconds.
  path: Assets/Animations/_Test Btn.controller
  artifactKey: Guid(285213d1d21ea4244a4140a43e4c9ee4) Importer(815301076,1909f56bfc062723c751e8b465ee728b)
Start importing Assets/Animations/_Test Btn.controller using Guid(285213d1d21ea4244a4140a43e4c9ee4) Importer(815301076,1909f56bfc062723c751e8b465ee728b)  -> (artifact id: '1ef83f9539744da6b70e4aa4c1e3dc7c') in 0.024554 seconds
  Import took 0.030706 seconds .

========================================================================
Received Import Request.
  Time since last request: 41.049867 seconds.
  path: Assets/Animations/Btn Controller.controller
  artifactKey: Guid(285213d1d21ea4244a4140a43e4c9ee4) Importer(815301076,1909f56bfc062723c751e8b465ee728b)
Start importing Assets/Animations/Btn Controller.controller using Guid(285213d1d21ea4244a4140a43e4c9ee4) Importer(815301076,1909f56bfc062723c751e8b465ee728b)  -> (artifact id: '4a0498c584151691a1fa1ac3f0451880') in 0.003671 seconds
  Import took 0.009082 seconds .

========================================================================
Received Import Request.
  Time since last request: 7.392767 seconds.
  path: Assets/Animations/_Btn Controller.controller
  artifactKey: Guid(285213d1d21ea4244a4140a43e4c9ee4) Importer(815301076,1909f56bfc062723c751e8b465ee728b)
Start importing Assets/Animations/_Btn Controller.controller using Guid(285213d1d21ea4244a4140a43e4c9ee4) Importer(815301076,1909f56bfc062723c751e8b465ee728b)  -> (artifact id: '67bd9f7f0b852b1029f32e1a307b62be') in 0.003285 seconds
  Import took 0.008691 seconds .

========================================================================
Received Import Request.
  Time since last request: 1185.944237 seconds.
  path: Assets/_Test/game-interface-buttons-your-mobile-game_97761-344.jpg
  artifactKey: Guid(3851c42170517204285f39963f7a8b29) Importer(815301076,1909f56bfc062723c751e8b465ee728b)
Start importing Assets/_Test/game-interface-buttons-your-mobile-game_97761-344.jpg using Guid(3851c42170517204285f39963f7a8b29) Importer(815301076,1909f56bfc062723c751e8b465ee728b)  -> (artifact id: '6e0ed921b52c88e4911cf51afa36786d') in 0.291379 seconds
  Import took 0.321370 seconds .

========================================================================
Received Import Request.
  Time since last request: 7.689648 seconds.
  path: Assets/_Test/game-interface-buttons-your-mobile-game_97761-344.jpg
  artifactKey: Guid(3851c42170517204285f39963f7a8b29) Importer(815301076,1909f56bfc062723c751e8b465ee728b)
Start importing Assets/_Test/game-interface-buttons-your-mobile-game_97761-344.jpg using Guid(3851c42170517204285f39963f7a8b29) Importer(815301076,1909f56bfc062723c751e8b465ee728b)  -> (artifact id: 'd2b95753581e601601a25d86ca00d04f') in 0.251909 seconds
  Import took 0.258663 seconds .

========================================================================
Received Import Request.
  Time since last request: 126.328839 seconds.
  path: Assets/_Test/game-interface-buttons-your-mobile-game_97761-344.jpg
  artifactKey: Guid(3851c42170517204285f39963f7a8b29) Importer(815301076,1909f56bfc062723c751e8b465ee728b)
Start importing Assets/_Test/game-interface-buttons-your-mobile-game_97761-344.jpg using Guid(3851c42170517204285f39963f7a8b29) Importer(815301076,1909f56bfc062723c751e8b465ee728b)  -> (artifact id: '1e944b0547a0bf3ab5777c04380f8fea') in 0.013579 seconds
  Import took 0.018585 seconds .

========================================================================
Received Import Request.
  Time since last request: 0.001901 seconds.
  path: Assets/_Test/game-interface-buttons-your-mobile-game_97761-344.jpg
  artifactKey: Guid(3851c42170517204285f39963f7a8b29) Importer(815301076,1909f56bfc062723c751e8b465ee728b)
Start importing Assets/_Test/game-interface-buttons-your-mobile-game_97761-344.jpg using Guid(3851c42170517204285f39963f7a8b29) Importer(815301076,1909f56bfc062723c751e8b465ee728b)  -> (artifact id: '1e944b0547a0bf3ab5777c04380f8fea') in 0.016577 seconds
  Import took 0.022484 seconds .

========================================================================
Received Import Request.
  Time since last request: 51.724094 seconds.
  path: Assets/_Test/game-interface-buttons-your-mobile-game_97761-344.jpg
  artifactKey: Guid(3851c42170517204285f39963f7a8b29) Importer(815301076,1909f56bfc062723c751e8b465ee728b)
Start importing Assets/_Test/game-interface-buttons-your-mobile-game_97761-344.jpg using Guid(3851c42170517204285f39963f7a8b29) Importer(815301076,1909f56bfc062723c751e8b465ee728b)  -> (artifact id: '31b387696e35b1f009d5b484b1efec4a') in 0.027183 seconds
  Import took 0.032355 seconds .

========================================================================
Received Import Request.
  Time since last request: 11.875555 seconds.
  path: Assets/_Test/Test_NarsistikSayilar.cs
  artifactKey: Guid(5d6c1a08132499b46a821d0fc9051663) Importer(815301076,1909f56bfc062723c751e8b465ee728b)
Start importing Assets/_Test/Test_NarsistikSayilar.cs using Guid(5d6c1a08132499b46a821d0fc9051663) Importer(815301076,1909f56bfc062723c751e8b465ee728b)  -> (artifact id: '25617e76c732d133a0fb81588f90df4a') in 0.091897 seconds
  Import took 0.101595 seconds .

========================================================================
Received Import Request.
  Time since last request: 153.510177 seconds.
  path: Assets/_Test/all btns.png
  artifactKey: Guid(a42194d3b7556a947b1a246fa2349a89) Importer(815301076,1909f56bfc062723c751e8b465ee728b)
Start importing Assets/_Test/all btns.png using Guid(a42194d3b7556a947b1a246fa2349a89) Importer(815301076,1909f56bfc062723c751e8b465ee728b)  -> (artifact id: '08c30cfdf40baa795ed9a7f1d27ffd29') in 0.071941 seconds
  Import took 0.090489 seconds .

========================================================================
Received Import Request.
  Time since last request: 7.894599 seconds.
  path: Assets/_Test/all btns.png
  artifactKey: Guid(a42194d3b7556a947b1a246fa2349a89) Importer(815301076,1909f56bfc062723c751e8b465ee728b)
Start importing Assets/_Test/all btns.png using Guid(a42194d3b7556a947b1a246fa2349a89) Importer(815301076,1909f56bfc062723c751e8b465ee728b)  -> (artifact id: '73d2d85c22b4b27b66be2c3f58360d7d') in 0.015143 seconds
  Import took 0.021280 seconds .

========================================================================
Received Import Request.
  Time since last request: 54.457421 seconds.
  path: Assets/_Test/all btns.png
  artifactKey: Guid(a42194d3b7556a947b1a246fa2349a89) Importer(815301076,1909f56bfc062723c751e8b465ee728b)
Start importing Assets/_Test/all btns.png using Guid(a42194d3b7556a947b1a246fa2349a89) Importer(815301076,1909f56bfc062723c751e8b465ee728b)  -> (artifact id: 'b87a08b4ab88d2e35b5305c9b0b28de3') in 0.329382 seconds
  Import took 0.333432 seconds .

========================================================================
Received Prepare
Registering precompiled user dll's ...
Registered in 0.002182 seconds.
Begin MonoManager ReloadAssembly
Native extension for WindowsStandalone target not found
Refreshing native plugins compatible for Editor in 0.87 ms, found 0 plugins.
Preloading 0 native plugins for Editor in 0.00 ms.
Mono: successfully reloaded assembly
- Completed reload, in 10.218 seconds
Platform modules already initialized, skipping
Switching build target platform(5) subTarget(0) extendedPlatform(0) -> platform(13) subTarget(537395200) extendedPlatform(0)
Refreshing native plugins compatible for Editor in 0.96 ms, found 0 plugins.
Preloading 0 native plugins for Editor in 0.00 ms.
Unloading 1444 Unused Serialized files (Serialized files now loaded: 0)
System memory in use before: 83.6 MB.
System memory in use after: 83.7 MB.

Unloading 24 unused Assets to reduce memory usage. Loaded Objects now: 1950.
Total: 256.215543 ms (FindLiveObjects: 0.370365 ms CreateObjectMapping: 0.180274 ms MarkObjects: 255.586816 ms  DeleteObjects: 0.064702 ms)

AssetImportParameters requested are different than current active one (requested -> active):
  custom:graphics/normal-map-encoding: 01000000000000000000000000000000 -> 02000000000000000000000000000000
========================================================================
Received Prepare
Registering precompiled user dll's ...
Registered in 0.002722 seconds.
Begin MonoManager ReloadAssembly
Native extension for WindowsStandalone target not found
Refreshing native plugins compatible for Editor in 0.67 ms, found 0 plugins.
Preloading 0 native plugins for Editor in 0.00 ms.
Mono: successfully reloaded assembly
- Completed reload, in  1.773 seconds
Platform modules already initialized, skipping
Switching build target platform(5) subTarget(0) extendedPlatform(0) -> platform(13) subTarget(537395200) extendedPlatform(0)
Refreshing native plugins compatible for Editor in 0.63 ms, found 0 plugins.
Preloading 0 native plugins for Editor in 0.00 ms.
Unloading 1445 Unused Serialized files (Serialized files now loaded: 0)
System memory in use before: 83.6 MB.
System memory in use after: 83.7 MB.

Unloading 24 unused Assets to reduce memory usage. Loaded Objects now: 1954.
Total: 2.679565 ms (FindLiveObjects: 0.333774 ms CreateObjectMapping: 0.078535 ms MarkObjects: 2.232897 ms  DeleteObjects: 0.031682 ms)

AssetImportParameters requested are different than current active one (requested -> active):
  custom:graphics/normal-map-encoding: 01000000000000000000000000000000 -> 02000000000000000000000000000000
========================================================================
Received Prepare
Registering precompiled user dll's ...
Registered in 0.003317 seconds.
Begin MonoManager ReloadAssembly
Native extension for WindowsStandalone target not found
Refreshing native plugins compatible for Editor in 0.67 ms, found 0 plugins.
Preloading 0 native plugins for Editor in 0.00 ms.
Mono: successfully reloaded assembly
- Completed reload, in  2.020 seconds
Platform modules already initialized, skipping
Switching build target platform(5) subTarget(0) extendedPlatform(0) -> platform(13) subTarget(537395200) extendedPlatform(0)
Refreshing native plugins compatible for Editor in 0.77 ms, found 0 plugins.
Preloading 0 native plugins for Editor in 0.00 ms.
Unloading 1445 Unused Serialized files (Serialized files now loaded: 0)
System memory in use before: 83.6 MB.
System memory in use after: 83.7 MB.

Unloading 24 unused Assets to reduce memory usage. Loaded Objects now: 1957.
Total: 2.456008 ms (FindLiveObjects: 0.222665 ms CreateObjectMapping: 0.074073 ms MarkObjects: 2.127588 ms  DeleteObjects: 0.029897 ms)

AssetImportParameters requested are different than current active one (requested -> active):
  custom:graphics/normal-map-encoding: 01000000000000000000000000000000 -> 02000000000000000000000000000000
========================================================================
Received Prepare
Registering precompiled user dll's ...
Registered in 0.002182 seconds.
Begin MonoManager ReloadAssembly
Native extension for WindowsStandalone target not found
Refreshing native plugins compatible for Editor in 0.74 ms, found 0 plugins.
Preloading 0 native plugins for Editor in 0.00 ms.
Mono: successfully reloaded assembly
- Completed reload, in  1.953 seconds
Platform modules already initialized, skipping
Switching build target platform(5) subTarget(0) extendedPlatform(0) -> platform(13) subTarget(537395200) extendedPlatform(0)
Refreshing native plugins compatible for Editor in 0.73 ms, found 0 plugins.
Preloading 0 native plugins for Editor in 0.00 ms.
Unloading 1445 Unused Serialized files (Serialized files now loaded: 0)
System memory in use before: 83.6 MB.
System memory in use after: 83.7 MB.

Unloading 24 unused Assets to reduce memory usage. Loaded Objects now: 1960.
Total: 2.605939 ms (FindLiveObjects: 0.261486 ms CreateObjectMapping: 0.074965 ms MarkObjects: 2.220403 ms  DeleteObjects: 0.045961 ms)

AssetImportParameters requested are different than current active one (requested -> active):
  custom:graphics/normal-map-encoding: 01000000000000000000000000000000 -> 02000000000000000000000000000000
========================================================================
Received Prepare
Registering precompiled user dll's ...
Registered in 0.002123 seconds.
Begin MonoManager ReloadAssembly
Native extension for WindowsStandalone target not found
Refreshing native plugins compatible for Editor in 0.65 ms, found 0 plugins.
Preloading 0 native plugins for Editor in 0.00 ms.
Mono: successfully reloaded assembly
- Completed reload, in  1.619 seconds
Platform modules already initialized, skipping
Switching build target platform(5) subTarget(0) extendedPlatform(0) -> platform(13) subTarget(537395200) extendedPlatform(0)
Refreshing native plugins compatible for Editor in 0.67 ms, found 0 plugins.
Preloading 0 native plugins for Editor in 0.00 ms.
Unloading 1445 Unused Serialized files (Serialized files now loaded: 0)
System memory in use before: 83.7 MB.
System memory in use after: 83.8 MB.

Unloading 24 unused Assets to reduce memory usage. Loaded Objects now: 1963.
Total: 2.381935 ms (FindLiveObjects: 0.238729 ms CreateObjectMapping: 0.071396 ms MarkObjects: 2.040575 ms  DeleteObjects: 0.029451 ms)

AssetImportParameters requested are different than current active one (requested -> active):
  custom:graphics/normal-map-encoding: 01000000000000000000000000000000 -> 02000000000000000000000000000000
========================================================================
Received Prepare
Registering precompiled user dll's ...
Registered in 0.002341 seconds.
Begin MonoManager ReloadAssembly
Native extension for WindowsStandalone target not found
Refreshing native plugins compatible for Editor in 0.68 ms, found 0 plugins.
Preloading 0 native plugins for Editor in 0.00 ms.
Mono: successfully reloaded assembly
- Completed reload, in  1.979 seconds
Platform modules already initialized, skipping
Switching build target platform(5) subTarget(0) extendedPlatform(0) -> platform(13) subTarget(537395200) extendedPlatform(0)
Refreshing native plugins compatible for Editor in 0.63 ms, found 0 plugins.
Preloading 0 native plugins for Editor in 0.00 ms.
Unloading 1445 Unused Serialized files (Serialized files now loaded: 0)
System memory in use before: 83.7 MB.
System memory in use after: 83.8 MB.

Unloading 24 unused Assets to reduce memory usage. Loaded Objects now: 1966.
Total: 2.500184 ms (FindLiveObjects: 0.212402 ms CreateObjectMapping: 0.078981 ms MarkObjects: 2.176227 ms  DeleteObjects: 0.030343 ms)

AssetImportParameters requested are different than current active one (requested -> active):
  custom:graphics/normal-map-encoding: 01000000000000000000000000000000 -> 02000000000000000000000000000000
========================================================================
Received Prepare
Registering precompiled user dll's ...
Registered in 0.003273 seconds.
Begin MonoManager ReloadAssembly
Native extension for WindowsStandalone target not found
Refreshing native plugins compatible for Editor in 0.65 ms, found 0 plugins.
Preloading 0 native plugins for Editor in 0.00 ms.
Mono: successfully reloaded assembly
- Completed reload, in  2.085 seconds
Platform modules already initialized, skipping
Switching build target platform(5) subTarget(0) extendedPlatform(0) -> platform(13) subTarget(537395200) extendedPlatform(0)
Refreshing native plugins compatible for Editor in 0.96 ms, found 0 plugins.
Preloading 0 native plugins for Editor in 0.00 ms.
Unloading 1445 Unused Serialized files (Serialized files now loaded: 0)
System memory in use before: 83.7 MB.
System memory in use after: 83.8 MB.

Unloading 24 unused Assets to reduce memory usage. Loaded Objects now: 1969.
Total: 5.513078 ms (FindLiveObjects: 0.530112 ms CreateObjectMapping: 0.211509 ms MarkObjects: 4.702738 ms  DeleteObjects: 0.063810 ms)

AssetImportParameters requested are different than current active one (requested -> active):
  custom:graphics/normal-map-encoding: 01000000000000000000000000000000 -> 02000000000000000000000000000000
========================================================================
Received Import Request.
  Time since last request: 73236.952519 seconds.
  path: Assets/Scripts/UI Managers
  artifactKey: Guid(af555b9f242d37341ac2f6f926d06631) Importer(815301076,1909f56bfc062723c751e8b465ee728b)
Start importing Assets/Scripts/UI Managers using Guid(af555b9f242d37341ac2f6f926d06631) Importer(815301076,1909f56bfc062723c751e8b465ee728b)  -> (artifact id: '5168e5fa51d8c1bb270d0e2daed81429') in 0.081026 seconds
  Import took 0.085353 seconds .

========================================================================
Received Import Request.
  Time since last request: 0.004810 seconds.
  path: Assets/Scripts/UI Managers
  artifactKey: Guid(af555b9f242d37341ac2f6f926d06631) Importer(815301076,1909f56bfc062723c751e8b465ee728b)
Start importing Assets/Scripts/UI Managers using Guid(af555b9f242d37341ac2f6f926d06631) Importer(815301076,1909f56bfc062723c751e8b465ee728b)  -> (artifact id: '5168e5fa51d8c1bb270d0e2daed81429') in 0.009651 seconds
  Import took 0.015097 seconds .

========================================================================
Received Import Request.
  Time since last request: 2.978003 seconds.
  path: Assets/Scripts/UI Managers/UIM_GameOver.cs
  artifactKey: Guid(22f7bc1fe8d73e54cbf4ab8f6fdfefb9) Importer(815301076,1909f56bfc062723c751e8b465ee728b)
Start importing Assets/Scripts/UI Managers/UIM_GameOver.cs using Guid(22f7bc1fe8d73e54cbf4ab8f6fdfefb9) Importer(815301076,1909f56bfc062723c751e8b465ee728b)  -> (artifact id: '101c980007bee13b3c00970479297a34') in 0.004046 seconds
  Import took 0.009850 seconds .

========================================================================
Received Import Request.
  Time since last request: 0.019479 seconds.
  path: Assets/Scripts/UI Managers/UIM_GameOver.cs
  artifactKey: Guid(22f7bc1fe8d73e54cbf4ab8f6fdfefb9) Importer(815301076,1909f56bfc062723c751e8b465ee728b)
Start importing Assets/Scripts/UI Managers/UIM_GameOver.cs using Guid(22f7bc1fe8d73e54cbf4ab8f6fdfefb9) Importer(815301076,1909f56bfc062723c751e8b465ee728b)  -> (artifact id: '101c980007bee13b3c00970479297a34') in 0.002363 seconds
  Import took 0.006400 seconds .

========================================================================
Received Prepare
Registering precompiled user dll's ...
Registered in 0.002185 seconds.
Begin MonoManager ReloadAssembly
Native extension for WindowsStandalone target not found
Refreshing native plugins compatible for Editor in 1.14 ms, found 0 plugins.
Preloading 0 native plugins for Editor in 0.00 ms.
Mono: successfully reloaded assembly
- Completed reload, in  1.822 seconds
Platform modules already initialized, skipping
Switching build target platform(5) subTarget(0) extendedPlatform(0) -> platform(13) subTarget(537395200) extendedPlatform(0)
Refreshing native plugins compatible for Editor in 0.78 ms, found 0 plugins.
Preloading 0 native plugins for Editor in 0.00 ms.
Unloading 1443 Unused Serialized files (Serialized files now loaded: 0)
System memory in use before: 83.6 MB.
System memory in use after: 83.7 MB.

Unloading 24 unused Assets to reduce memory usage. Loaded Objects now: 1972.
Total: 7.121263 ms (FindLiveObjects: 0.287367 ms CreateObjectMapping: 0.202585 ms MarkObjects: 6.551883 ms  DeleteObjects: 0.074073 ms)

AssetImportParameters requested are different than current active one (requested -> active):
  custom:graphics/normal-map-encoding: 01000000000000000000000000000000 -> 02000000000000000000000000000000
========================================================================
Received Prepare
Registering precompiled user dll's ...
Registered in 0.003168 seconds.
Begin MonoManager ReloadAssembly
Native extension for WindowsStandalone target not found
Refreshing native plugins compatible for Editor in 0.84 ms, found 0 plugins.
Preloading 0 native plugins for Editor in 0.00 ms.
Mono: successfully reloaded assembly
- Completed reload, in  2.357 seconds
Platform modules already initialized, skipping
Switching build target platform(5) subTarget(0) extendedPlatform(0) -> platform(13) subTarget(537395200) extendedPlatform(0)
Refreshing native plugins compatible for Editor in 0.84 ms, found 0 plugins.
Preloading 0 native plugins for Editor in 0.00 ms.
Unloading 1443 Unused Serialized files (Serialized files now loaded: 0)
System memory in use before: 83.6 MB.
System memory in use after: 83.7 MB.

Unloading 24 unused Assets to reduce memory usage. Loaded Objects now: 1975.
Total: 3.224403 ms (FindLiveObjects: 0.294061 ms CreateObjectMapping: 0.108432 ms MarkObjects: 2.779966 ms  DeleteObjects: 0.039268 ms)

AssetImportParameters requested are different than current active one (requested -> active):
  custom:graphics/normal-map-encoding: 01000000000000000000000000000000 -> 02000000000000000000000000000000
========================================================================
Received Prepare
Registering precompiled user dll's ...
Registered in 0.003643 seconds.
Begin MonoManager ReloadAssembly
Native extension for WindowsStandalone target not found
Refreshing native plugins compatible for Editor in 1.54 ms, found 0 plugins.
Preloading 0 native plugins for Editor in 0.00 ms.
Mono: successfully reloaded assembly
- Completed reload, in  2.968 seconds
Platform modules already initialized, skipping
Switching build target platform(5) subTarget(0) extendedPlatform(0) -> platform(13) subTarget(537395200) extendedPlatform(0)
Refreshing native plugins compatible for Editor in 1.21 ms, found 0 plugins.
Preloading 0 native plugins for Editor in 0.00 ms.
Unloading 1443 Unused Serialized files (Serialized files now loaded: 0)
System memory in use before: 83.6 MB.
System memory in use after: 83.7 MB.

Unloading 24 unused Assets to reduce memory usage. Loaded Objects now: 1978.
Total: 5.023572 ms (FindLiveObjects: 0.281120 ms CreateObjectMapping: 0.106201 ms MarkObjects: 4.582258 ms  DeleteObjects: 0.050869 ms)

AssetImportParameters requested are different than current active one (requested -> active):
  custom:graphics/normal-map-encoding: 01000000000000000000000000000000 -> 02000000000000000000000000000000
========================================================================
Received Prepare
Registering precompiled user dll's ...
Registered in 0.005777 seconds.
Begin MonoManager ReloadAssembly
Native extension for WindowsStandalone target not found
Refreshing native plugins compatible for Editor in 1.81 ms, found 0 plugins.
Preloading 0 native plugins for Editor in 0.00 ms.
Mono: successfully reloaded assembly
- Completed reload, in  3.432 seconds
Platform modules already initialized, skipping
Switching build target platform(5) subTarget(0) extendedPlatform(0) -> platform(13) subTarget(537395200) extendedPlatform(0)
Refreshing native plugins compatible for Editor in 1.51 ms, found 0 plugins.
Preloading 0 native plugins for Editor in 0.00 ms.
Unloading 1443 Unused Serialized files (Serialized files now loaded: 0)
System memory in use before: 83.6 MB.
System memory in use after: 83.8 MB.

Unloading 24 unused Assets to reduce memory usage. Loaded Objects now: 1981.
Total: 3.634035 ms (FindLiveObjects: 0.374827 ms CreateObjectMapping: 0.116018 ms MarkObjects: 3.082058 ms  DeleteObjects: 0.056224 ms)

AssetImportParameters requested are different than current active one (requested -> active):
  custom:graphics/normal-map-encoding: 01000000000000000000000000000000 -> 02000000000000000000000000000000
========================================================================
Received Prepare
Registering precompiled user dll's ...
Registered in 0.004061 seconds.
Begin MonoManager ReloadAssembly
Native extension for WindowsStandalone target not found
Refreshing native plugins compatible for Editor in 0.96 ms, found 0 plugins.
Preloading 0 native plugins for Editor in 0.00 ms.
Mono: successfully reloaded assembly
- Completed reload, in  2.757 seconds
Platform modules already initialized, skipping
Switching build target platform(5) subTarget(0) extendedPlatform(0) -> platform(13) subTarget(537395200) extendedPlatform(0)
Refreshing native plugins compatible for Editor in 0.86 ms, found 0 plugins.
Preloading 0 native plugins for Editor in 0.00 ms.
Unloading 1443 Unused Serialized files (Serialized files now loaded: 0)
System memory in use before: 83.7 MB.
System memory in use after: 83.8 MB.

Unloading 24 unused Assets to reduce memory usage. Loaded Objects now: 1984.
Total: 3.356485 ms (FindLiveObjects: 0.257470 ms CreateObjectMapping: 0.103970 ms MarkObjects: 2.953992 ms  DeleteObjects: 0.037929 ms)

AssetImportParameters requested are different than current active one (requested -> active):
  custom:graphics/normal-map-encoding: 01000000000000000000000000000000 -> 02000000000000000000000000000000
========================================================================
Received Prepare
Registering precompiled user dll's ...
Registered in 0.003162 seconds.
Begin MonoManager ReloadAssembly
Native extension for WindowsStandalone target not found
Refreshing native plugins compatible for Editor in 0.66 ms, found 0 plugins.
Preloading 0 native plugins for Editor in 0.00 ms.
Mono: successfully reloaded assembly
- Completed reload, in  1.836 seconds
Platform modules already initialized, skipping
Switching build target platform(5) subTarget(0) extendedPlatform(0) -> platform(13) subTarget(537395200) extendedPlatform(0)
Refreshing native plugins compatible for Editor in 0.76 ms, found 0 plugins.
Preloading 0 native plugins for Editor in 0.00 ms.
Unloading 1443 Unused Serialized files (Serialized files now loaded: 0)
System memory in use before: 83.7 MB.
System memory in use after: 83.8 MB.

Unloading 24 unused Assets to reduce memory usage. Loaded Objects now: 1987.
Total: 2.443068 ms (FindLiveObjects: 0.210171 ms CreateObjectMapping: 0.076304 ms MarkObjects: 2.120449 ms  DeleteObjects: 0.033913 ms)

AssetImportParameters requested are different than current active one (requested -> active):
  custom:graphics/normal-map-encoding: 01000000000000000000000000000000 -> 02000000000000000000000000000000
========================================================================
Received Prepare
Registering precompiled user dll's ...
Registered in 0.002373 seconds.
Begin MonoManager ReloadAssembly
Native extension for WindowsStandalone target not found
Refreshing native plugins compatible for Editor in 1.20 ms, found 0 plugins.
Preloading 0 native plugins for Editor in 0.00 ms.
Mono: successfully reloaded assembly
- Completed reload, in  1.986 seconds
Platform modules already initialized, skipping
Switching build target platform(5) subTarget(0) extendedPlatform(0) -> platform(13) subTarget(537395200) extendedPlatform(0)
Refreshing native plugins compatible for Editor in 0.66 ms, found 0 plugins.
Preloading 0 native plugins for Editor in 0.00 ms.
Unloading 1443 Unused Serialized files (Serialized files now loaded: 0)
System memory in use before: 83.7 MB.
System memory in use after: 83.8 MB.

Unloading 24 unused Assets to reduce memory usage. Loaded Objects now: 1990.
Total: 3.287767 ms (FindLiveObjects: 0.386429 ms CreateObjectMapping: 0.129404 ms MarkObjects: 2.726419 ms  DeleteObjects: 0.033913 ms)

AssetImportParameters requested are different than current active one (requested -> active):
  custom:graphics/normal-map-encoding: 01000000000000000000000000000000 -> 02000000000000000000000000000000
========================================================================
Received Prepare
Registering precompiled user dll's ...
Registered in 0.003062 seconds.
Begin MonoManager ReloadAssembly
Native extension for WindowsStandalone target not found
Refreshing native plugins compatible for Editor in 0.76 ms, found 0 plugins.
Preloading 0 native plugins for Editor in 0.00 ms.
Mono: successfully reloaded assembly
- Completed reload, in  2.072 seconds
Platform modules already initialized, skipping
Switching build target platform(5) subTarget(0) extendedPlatform(0) -> platform(13) subTarget(537395200) extendedPlatform(0)
Refreshing native plugins compatible for Editor in 0.82 ms, found 0 plugins.
Preloading 0 native plugins for Editor in 0.00 ms.
Unloading 1443 Unused Serialized files (Serialized files now loaded: 0)
System memory in use before: 83.7 MB.
System memory in use after: 83.8 MB.

Unloading 24 unused Assets to reduce memory usage. Loaded Objects now: 1993.
Total: 4.733973 ms (FindLiveObjects: 0.269965 ms CreateObjectMapping: 0.103970 ms MarkObjects: 4.303815 ms  DeleteObjects: 0.053993 ms)

AssetImportParameters requested are different than current active one (requested -> active):
  custom:graphics/normal-map-encoding: 01000000000000000000000000000000 -> 02000000000000000000000000000000
========================================================================
Received Prepare
Registering precompiled user dll's ...
Registered in 0.002489 seconds.
Begin MonoManager ReloadAssembly
Native extension for WindowsStandalone target not found
Refreshing native plugins compatible for Editor in 0.72 ms, found 0 plugins.
Preloading 0 native plugins for Editor in 0.00 ms.
Mono: successfully reloaded assembly
- Completed reload, in  1.960 seconds
Platform modules already initialized, skipping
Switching build target platform(5) subTarget(0) extendedPlatform(0) -> platform(13) subTarget(537395200) extendedPlatform(0)
Refreshing native plugins compatible for Editor in 0.66 ms, found 0 plugins.
Preloading 0 native plugins for Editor in 0.00 ms.
Unloading 1443 Unused Serialized files (Serialized files now loaded: 0)
System memory in use before: 83.7 MB.
System memory in use after: 83.8 MB.

Unloading 24 unused Assets to reduce memory usage. Loaded Objects now: 1996.
Total: 2.403354 ms (FindLiveObjects: 0.236052 ms CreateObjectMapping: 0.076750 ms MarkObjects: 2.057085 ms  DeleteObjects: 0.031236 ms)

AssetImportParameters requested are different than current active one (requested -> active):
  custom:graphics/normal-map-encoding: 01000000000000000000000000000000 -> 02000000000000000000000000000000
========================================================================
Received Prepare
Registering precompiled user dll's ...
Registered in 0.003354 seconds.
Begin MonoManager ReloadAssembly
Native extension for WindowsStandalone target not found
Refreshing native plugins compatible for Editor in 49.39 ms, found 0 plugins.
Preloading 0 native plugins for Editor in 0.00 ms.
Mono: successfully reloaded assembly
- Completed reload, in  3.715 seconds
Platform modules already initialized, skipping
Switching build target platform(5) subTarget(0) extendedPlatform(0) -> platform(13) subTarget(537395200) extendedPlatform(0)
Refreshing native plugins compatible for Editor in 1.64 ms, found 0 plugins.
Preloading 0 native plugins for Editor in 0.00 ms.
Unloading 1443 Unused Serialized files (Serialized files now loaded: 0)
System memory in use before: 83.7 MB.
System memory in use after: 83.8 MB.

Unloading 24 unused Assets to reduce memory usage. Loaded Objects now: 1999.
Total: 4.974933 ms (FindLiveObjects: 0.372596 ms CreateObjectMapping: 0.138329 ms MarkObjects: 4.405554 ms  DeleteObjects: 0.054439 ms)

AssetImportParameters requested are different than current active one (requested -> active):
  custom:graphics/normal-map-encoding: 01000000000000000000000000000000 -> 02000000000000000000000000000000
========================================================================
Received Prepare
Registering precompiled user dll's ...
Registered in 0.004253 seconds.
Begin MonoManager ReloadAssembly
Native extension for WindowsStandalone target not found
Refreshing native plugins compatible for Editor in 0.85 ms, found 0 plugins.
Preloading 0 native plugins for Editor in 0.00 ms.
Mono: successfully reloaded assembly
- Completed reload, in  2.183 seconds
Platform modules already initialized, skipping
Switching build target platform(5) subTarget(0) extendedPlatform(0) -> platform(13) subTarget(537395200) extendedPlatform(0)
Refreshing native plugins compatible for Editor in 1.42 ms, found 0 plugins.
Preloading 0 native plugins for Editor in 0.00 ms.
Unloading 1443 Unused Serialized files (Serialized files now loaded: 0)
System memory in use before: 83.7 MB.
System memory in use after: 83.8 MB.

Unloading 24 unused Assets to reduce memory usage. Loaded Objects now: 2002.
Total: 5.277472 ms (FindLiveObjects: 0.450238 ms CreateObjectMapping: 0.158855 ms MarkObjects: 4.609924 ms  DeleteObjects: 0.054439 ms)

AssetImportParameters requested are different than current active one (requested -> active):
  custom:graphics/normal-map-encoding: 01000000000000000000000000000000 -> 02000000000000000000000000000000
========================================================================
Received Prepare
Registering precompiled user dll's ...
Registered in 0.004651 seconds.
Begin MonoManager ReloadAssembly
Native extension for WindowsStandalone target not found
Refreshing native plugins compatible for Editor in 0.96 ms, found 0 plugins.
Preloading 0 native plugins for Editor in 0.00 ms.
Mono: successfully reloaded assembly
- Completed reload, in  2.838 seconds
Platform modules already initialized, skipping
Switching build target platform(5) subTarget(0) extendedPlatform(0) -> platform(13) subTarget(537395200) extendedPlatform(0)
Refreshing native plugins compatible for Editor in 1.06 ms, found 0 plugins.
Preloading 0 native plugins for Editor in 0.00 ms.
Unloading 1443 Unused Serialized files (Serialized files now loaded: 0)
System memory in use before: 83.7 MB.
System memory in use after: 83.8 MB.

Unloading 24 unused Assets to reduce memory usage. Loaded Objects now: 2005.
Total: 4.526480 ms (FindLiveObjects: 0.500215 ms CreateObjectMapping: 0.165102 ms MarkObjects: 3.808508 ms  DeleteObjects: 0.048638 ms)

AssetImportParameters requested are different than current active one (requested -> active):
  custom:graphics/normal-map-encoding: 01000000000000000000000000000000 -> 02000000000000000000000000000000
========================================================================
Received Prepare
Registering precompiled user dll's ...
Registered in 0.003846 seconds.
Begin MonoManager ReloadAssembly
Native extension for WindowsStandalone target not found
Refreshing native plugins compatible for Editor in 0.97 ms, found 0 plugins.
Preloading 0 native plugins for Editor in 0.00 ms.
Mono: successfully reloaded assembly
- Completed reload, in  2.958 seconds
Platform modules already initialized, skipping
Switching build target platform(5) subTarget(0) extendedPlatform(0) -> platform(13) subTarget(537395200) extendedPlatform(0)
Refreshing native plugins compatible for Editor in 1.03 ms, found 0 plugins.
Preloading 0 native plugins for Editor in 0.00 ms.
Unloading 1443 Unused Serialized files (Serialized files now loaded: 0)
System memory in use before: 83.7 MB.
System memory in use after: 83.8 MB.

Unloading 24 unused Assets to reduce memory usage. Loaded Objects now: 2008.
Total: 4.601892 ms (FindLiveObjects: 0.655501 ms CreateObjectMapping: 0.159301 ms MarkObjects: 3.737113 ms  DeleteObjects: 0.039714 ms)

AssetImportParameters requested are different than current active one (requested -> active):
  custom:graphics/normal-map-encoding: 01000000000000000000000000000000 -> 02000000000000000000000000000000
========================================================================
Received Prepare
Registering precompiled user dll's ...
Registered in 0.004651 seconds.
Begin MonoManager ReloadAssembly
Native extension for WindowsStandalone target not found
Refreshing native plugins compatible for Editor in 1.47 ms, found 0 plugins.
Preloading 0 native plugins for Editor in 0.00 ms.
Mono: successfully reloaded assembly
- Completed reload, in  3.406 seconds
Platform modules already initialized, skipping
Switching build target platform(5) subTarget(0) extendedPlatform(0) -> platform(13) subTarget(537395200) extendedPlatform(0)
Refreshing native plugins compatible for Editor in 0.94 ms, found 0 plugins.
Preloading 0 native plugins for Editor in 0.00 ms.
Unloading 1443 Unused Serialized files (Serialized files now loaded: 0)
System memory in use before: 83.7 MB.
System memory in use after: 83.8 MB.

Unloading 24 unused Assets to reduce memory usage. Loaded Objects now: 2011.
Total: 3.962009 ms (FindLiveObjects: 0.322619 ms CreateObjectMapping: 0.120926 ms MarkObjects: 3.474288 ms  DeleteObjects: 0.041052 ms)

AssetImportParameters requested are different than current active one (requested -> active):
  custom:graphics/normal-map-encoding: 01000000000000000000000000000000 -> 02000000000000000000000000000000
========================================================================
Received Prepare
Registering precompiled user dll's ...
Registered in 0.007248 seconds.
Begin MonoManager ReloadAssembly
Native extension for WindowsStandalone target not found
Refreshing native plugins compatible for Editor in 2.11 ms, found 0 plugins.
Preloading 0 native plugins for Editor in 0.00 ms.
Mono: successfully reloaded assembly
- Completed reload, in  2.868 seconds
Platform modules already initialized, skipping
Switching build target platform(5) subTarget(0) extendedPlatform(0) -> platform(13) subTarget(537395200) extendedPlatform(0)
Refreshing native plugins compatible for Editor in 0.84 ms, found 0 plugins.
Preloading 0 native plugins for Editor in 0.00 ms.
Unloading 1443 Unused Serialized files (Serialized files now loaded: 0)
System memory in use before: 83.7 MB.
System memory in use after: 83.8 MB.

Unloading 24 unused Assets to reduce memory usage. Loaded Objects now: 2014.
Total: 3.217263 ms (FindLiveObjects: 0.252562 ms CreateObjectMapping: 0.097276 ms MarkObjects: 2.828604 ms  DeleteObjects: 0.036590 ms)

AssetImportParameters requested are different than current active one (requested -> active):
  custom:graphics/normal-map-encoding: 01000000000000000000000000000000 -> 02000000000000000000000000000000
========================================================================
Received Import Request.
  Time since last request: 89857.923781 seconds.
  path: Assets/Animations/_Btn Controller.controller
  artifactKey: Guid(285213d1d21ea4244a4140a43e4c9ee4) Importer(815301076,1909f56bfc062723c751e8b465ee728b)
Start importing Assets/Animations/_Btn Controller.controller using Guid(285213d1d21ea4244a4140a43e4c9ee4) Importer(815301076,1909f56bfc062723c751e8b465ee728b)  -> (artifact id: 'bb4ffbdc6536d42815c7744561f3dba3') in 0.116372 seconds
  Import took 0.124355 seconds .

========================================================================
Received Prepare
Registering precompiled user dll's ...
Registered in 0.004977 seconds.
Begin MonoManager ReloadAssembly
Native extension for WindowsStandalone target not found
Refreshing native plugins compatible for Editor in 0.90 ms, found 0 plugins.
Preloading 0 native plugins for Editor in 0.00 ms.
Mono: successfully reloaded assembly
- Completed reload, in  2.458 seconds
Platform modules already initialized, skipping
Switching build target platform(5) subTarget(0) extendedPlatform(0) -> platform(13) subTarget(537395200) extendedPlatform(0)
Refreshing native plugins compatible for Editor in 0.79 ms, found 0 plugins.
Preloading 0 native plugins for Editor in 0.00 ms.
Unloading 1443 Unused Serialized files (Serialized files now loaded: 0)
System memory in use before: 83.7 MB.
System memory in use after: 83.8 MB.

Unloading 24 unused Assets to reduce memory usage. Loaded Objects now: 2017.
Total: 3.275272 ms (FindLiveObjects: 0.527435 ms CreateObjectMapping: 0.123604 ms MarkObjects: 2.586751 ms  DeleteObjects: 0.030789 ms)

AssetImportParameters requested are different than current active one (requested -> active):
  custom:graphics/normal-map-encoding: 01000000000000000000000000000000 -> 02000000000000000000000000000000
========================================================================
Received Import Request.
  Time since last request: 38.023896 seconds.
  path: Assets/Scenes/Menu Scene.unity
  artifactKey: Guid(76e402b8441548845a799153c705fea9) Importer(815301076,1909f56bfc062723c751e8b465ee728b)
Start importing Assets/Scenes/Menu Scene.unity using Guid(76e402b8441548845a799153c705fea9) Importer(815301076,1909f56bfc062723c751e8b465ee728b)  -> (artifact id: 'e3d1fcd168b7613255ef8717d161328b') in 0.029848 seconds
  Import took 0.059348 seconds .

========================================================================
Received Prepare
Registering precompiled user dll's ...
Registered in 0.004217 seconds.
Begin MonoManager ReloadAssembly
Native extension for WindowsStandalone target not found
Refreshing native plugins compatible for Editor in 1.36 ms, found 0 plugins.
Preloading 0 native plugins for Editor in 0.00 ms.
Mono: successfully reloaded assembly
- Completed reload, in  3.139 seconds
Platform modules already initialized, skipping
Switching build target platform(5) subTarget(0) extendedPlatform(0) -> platform(13) subTarget(537395200) extendedPlatform(0)
Refreshing native plugins compatible for Editor in 1.06 ms, found 0 plugins.
Preloading 0 native plugins for Editor in 0.00 ms.
Unloading 1443 Unused Serialized files (Serialized files now loaded: 0)
System memory in use before: 83.8 MB.
System memory in use after: 83.9 MB.

Unloading 24 unused Assets to reduce memory usage. Loaded Objects now: 2020.
Total: 9.151129 ms (FindLiveObjects: 0.337344 ms CreateObjectMapping: 0.128512 ms MarkObjects: 8.626371 ms  DeleteObjects: 0.055332 ms)

AssetImportParameters requested are different than current active one (requested -> active):
  custom:graphics/normal-map-encoding: 01000000000000000000000000000000 -> 02000000000000000000000000000000
========================================================================
Received Prepare
Registering precompiled user dll's ...
Registered in 0.002244 seconds.
Begin MonoManager ReloadAssembly
Native extension for WindowsStandalone target not found
Refreshing native plugins compatible for Editor in 2.35 ms, found 0 plugins.
Preloading 0 native plugins for Editor in 0.00 ms.
Mono: successfully reloaded assembly
- Completed reload, in  2.143 seconds
Platform modules already initialized, skipping
Switching build target platform(5) subTarget(0) extendedPlatform(0) -> platform(13) subTarget(537395200) extendedPlatform(0)
Refreshing native plugins compatible for Editor in 0.70 ms, found 0 plugins.
Preloading 0 native plugins for Editor in 0.00 ms.
Unloading 1443 Unused Serialized files (Serialized files now loaded: 0)
System memory in use before: 83.8 MB.
System memory in use after: 83.9 MB.

Unloading 24 unused Assets to reduce memory usage. Loaded Objects now: 2023.
Total: 2.737128 ms (FindLiveObjects: 0.223111 ms CreateObjectMapping: 0.113340 ms MarkObjects: 2.359624 ms  DeleteObjects: 0.031682 ms)

AssetImportParameters requested are different than current active one (requested -> active):
  custom:graphics/normal-map-encoding: 01000000000000000000000000000000 -> 02000000000000000000000000000000
========================================================================
Received Prepare
Registering precompiled user dll's ...
Registered in 0.003419 seconds.
Begin MonoManager ReloadAssembly
Native extension for WindowsStandalone target not found
Refreshing native plugins compatible for Editor in 0.84 ms, found 0 plugins.
Preloading 0 native plugins for Editor in 0.00 ms.
Mono: successfully reloaded assembly
- Completed reload, in  2.474 seconds
Platform modules already initialized, skipping
Switching build target platform(5) subTarget(0) extendedPlatform(0) -> platform(13) subTarget(537395200) extendedPlatform(0)
Refreshing native plugins compatible for Editor in 1.01 ms, found 0 plugins.
Preloading 0 native plugins for Editor in 0.00 ms.
Unloading 1443 Unused Serialized files (Serialized files now loaded: 0)
System memory in use before: 83.8 MB.
System memory in use after: 83.9 MB.

Unloading 24 unused Assets to reduce memory usage. Loaded Objects now: 2026.
Total: 3.001738 ms (FindLiveObjects: 0.287813 ms CreateObjectMapping: 0.105755 ms MarkObjects: 2.568010 ms  DeleteObjects: 0.037036 ms)

AssetImportParameters requested are different than current active one (requested -> active):
  custom:graphics/normal-map-encoding: 01000000000000000000000000000000 -> 02000000000000000000000000000000
========================================================================
Received Prepare
Registering precompiled user dll's ...
Registered in 0.002528 seconds.
Begin MonoManager ReloadAssembly
Native extension for WindowsStandalone target not found
Refreshing native plugins compatible for Editor in 0.82 ms, found 0 plugins.
Preloading 0 native plugins for Editor in 0.00 ms.
Mono: successfully reloaded assembly
- Completed reload, in  2.414 seconds
Platform modules already initialized, skipping
Switching build target platform(5) subTarget(0) extendedPlatform(0) -> platform(13) subTarget(537395200) extendedPlatform(0)
Refreshing native plugins compatible for Editor in 0.67 ms, found 0 plugins.
Preloading 0 native plugins for Editor in 0.00 ms.
Unloading 1443 Unused Serialized files (Serialized files now loaded: 0)
System memory in use before: 83.8 MB.
System memory in use after: 83.9 MB.

Unloading 24 unused Assets to reduce memory usage. Loaded Objects now: 2029.
Total: 2.854485 ms (FindLiveObjects: 0.487721 ms CreateObjectMapping: 0.095045 ms MarkObjects: 2.232897 ms  DeleteObjects: 0.032574 ms)

AssetImportParameters requested are different than current active one (requested -> active):
  custom:graphics/normal-map-encoding: 01000000000000000000000000000000 -> 02000000000000000000000000000000
========================================================================
Received Import Request.
  Time since last request: 94005.296339 seconds.
  path: Assets/Scenes/Game Scene.unity
  artifactKey: Guid(9fc0d4010bbf28b4594072e72b8655ab) Importer(815301076,1909f56bfc062723c751e8b465ee728b)
Start importing Assets/Scenes/Game Scene.unity using Guid(9fc0d4010bbf28b4594072e72b8655ab) Importer(815301076,1909f56bfc062723c751e8b465ee728b)  -> (artifact id: 'f5df45a2f450059fa478fa1c337fa86d') in 0.020284 seconds
  Import took 0.024513 seconds .

========================================================================
Received Prepare
Registering precompiled user dll's ...
Registered in 0.009570 seconds.
Begin MonoManager ReloadAssembly
Native extension for WindowsStandalone target not found
Refreshing native plugins compatible for Editor in 0.70 ms, found 0 plugins.
Preloading 0 native plugins for Editor in 0.00 ms.
Mono: successfully reloaded assembly
- Completed reload, in  2.142 seconds
Platform modules already initialized, skipping
Switching build target platform(5) subTarget(0) extendedPlatform(0) -> platform(13) subTarget(537395200) extendedPlatform(0)
Refreshing native plugins compatible for Editor in 1.16 ms, found 0 plugins.
Preloading 0 native plugins for Editor in 0.00 ms.
Unloading 1443 Unused Serialized files (Serialized files now loaded: 0)
System memory in use before: 83.8 MB.
System memory in use after: 83.9 MB.

Unloading 24 unused Assets to reduce memory usage. Loaded Objects now: 2032.
Total: 3.705877 ms (FindLiveObjects: 0.399369 ms CreateObjectMapping: 0.119588 ms MarkObjects: 3.138728 ms  DeleteObjects: 0.045515 ms)

AssetImportParameters requested are different than current active one (requested -> active):
  custom:graphics/normal-map-encoding: 01000000000000000000000000000000 -> 02000000000000000000000000000000
========================================================================
Received Prepare
Registering precompiled user dll's ...
Registered in 0.002954 seconds.
Begin MonoManager ReloadAssembly
Native extension for WindowsStandalone target not found
Refreshing native plugins compatible for Editor in 0.67 ms, found 0 plugins.
Preloading 0 native plugins for Editor in 0.00 ms.
Mono: successfully reloaded assembly
- Completed reload, in  2.140 seconds
Platform modules already initialized, skipping
Switching build target platform(5) subTarget(0) extendedPlatform(0) -> platform(13) subTarget(537395200) extendedPlatform(0)
Refreshing native plugins compatible for Editor in 1.04 ms, found 0 plugins.
Preloading 0 native plugins for Editor in 0.00 ms.
Unloading 1443 Unused Serialized files (Serialized files now loaded: 0)
System memory in use before: 83.8 MB.
System memory in use after: 83.9 MB.

Unloading 24 unused Assets to reduce memory usage. Loaded Objects now: 2035.
Total: 3.012894 ms (FindLiveObjects: 0.295845 ms CreateObjectMapping: 0.078089 ms MarkObjects: 2.592552 ms  DeleteObjects: 0.043284 ms)

AssetImportParameters requested are different than current active one (requested -> active):
  custom:graphics/normal-map-encoding: 01000000000000000000000000000000 -> 02000000000000000000000000000000
========================================================================
Received Prepare
Registering precompiled user dll's ...
Registered in 0.008829 seconds.
Begin MonoManager ReloadAssembly
Native extension for WindowsStandalone target not found
Refreshing native plugins compatible for Editor in 0.87 ms, found 0 plugins.
Preloading 0 native plugins for Editor in 0.00 ms.
Mono: successfully reloaded assembly
- Completed reload, in  2.429 seconds
Platform modules already initialized, skipping
Switching build target platform(5) subTarget(0) extendedPlatform(0) -> platform(13) subTarget(537395200) extendedPlatform(0)
Refreshing native plugins compatible for Editor in 0.82 ms, found 0 plugins.
Preloading 0 native plugins for Editor in 0.00 ms.
Unloading 1443 Unused Serialized files (Serialized files now loaded: 0)
System memory in use before: 83.8 MB.
System memory in use after: 83.9 MB.

Unloading 24 unused Assets to reduce memory usage. Loaded Objects now: 2038.
Total: 3.078042 ms (FindLiveObjects: 0.282459 ms CreateObjectMapping: 0.097276 ms MarkObjects: 2.661270 ms  DeleteObjects: 0.034359 ms)

AssetImportParameters requested are different than current active one (requested -> active):
  custom:graphics/normal-map-encoding: 01000000000000000000000000000000 -> 02000000000000000000000000000000
AssetImportWorkerClient::OnTransportError - code=2 error=End of file
