Using pre-set license
Built from '2020.3/staging' branch; Version is '2020.3.5f1 (8095aa901b9b) revision 8426922'; Using compiler version '192528614'; Build Type 'Release'
OS: 'Windows 7  (6.1.0) 64bit' Language: 'tr' Physical Memory: 4008 MB
BatchMode: 1, IsHumanControllingUs: 0, StartBugReporterOnCrash: 0, Is64bit: 1, IsPro: 0

 COMMAND LINE ARGUMENTS:
C:\Program Files\Unity\Hub\Editor\2020.3.5f1\Editor\Unity.exe
-adb2
-batchMode
-noUpm
-name
AssetImportWorker1
-projectPath
C:/Users/Public/Documents/Unity Projects/Bomb Sweeper 3D
-logFile
Logs/AssetImportWorker1.log
-srvPort
49771
Successfully changed project path to: C:/Users/Public/Documents/Unity Projects/Bomb Sweeper 3D
C:/Users/Public/Documents/Unity Projects/Bomb Sweeper 3D
Using Asset Import Pipeline V2.
Refreshing native plugins compatible for Editor in 70.66 ms, found 0 plugins.
Preloading 0 native plugins for Editor in 0.00 ms.
Initialize engine version: 2020.3.5f1 (8095aa901b9b)
[Subsystems] Discovering subsystems at path C:/Program Files/Unity/Hub/Editor/2020.3.5f1/Editor/Data/Resources/UnitySubsystems
[Subsystems] Discovering subsystems at path C:/Users/Public/Documents/Unity Projects/Bomb Sweeper 3D/Assets
GfxDevice: creating device client; threaded=0
d3d11: CreateDXGIFactory2(...) not found, fallbacking to CreateDXGIFactory1(...).
d3d11: QueryInterface(IDXGIFactory5) failed (80004002).
Direct3D:
    Version:  Direct3D 11.0 [level 10.1]
    Renderer: Intel(R) HD Graphics 3000 (ID=0x116)
    Vendor:   
    VRAM:     1632 MB
    Driver:   9.17.10.4229
Could not load symbol clCreateImage : Belirtilen yordam bulunamadı.


Could not load symbol clEnqueueFillBuffer : Belirtilen yordam bulunamadı.


Could not load symbol clEnqueueFillImage : Belirtilen yordam bulunamadı.


Could not load symbol clEnqueueMarkerWithWaitList : Belirtilen yordam bulunamadı.


Could not load symbol clGetExtensionFunctionAddressForPlatform : Belirtilen yordam bulunamadı.


Could not load symbol clUnloadPlatformCompiler : Belirtilen yordam bulunamadı.


Could not load symbol clCreateFromGLTexture : Belirtilen yordam bulunamadı.


Initialize mono
Mono path[0] = 'C:/Program Files/Unity/Hub/Editor/2020.3.5f1/Editor/Data/Managed'
Mono path[1] = 'C:/Program Files/Unity/Hub/Editor/2020.3.5f1/Editor/Data/MonoBleedingEdge/lib/mono/unityjit'
Mono config path = 'C:/Program Files/Unity/Hub/Editor/2020.3.5f1/Editor/Data/MonoBleedingEdge/etc'
Using monoOptions --debugger-agent=transport=dt_socket,embedding=1,server=y,suspend=n,address=127.0.0.1:56032
Begin MonoManager ReloadAssembly
